mode: set
/mnt/sda5/CS/codescallers/ahmed-salah-ucf-foreman/signals.go:12.35,15.2 2 0
/mnt/sda5/CS/codescallers/ahmed-salah-ucf-foreman/signals.go:19.69,20.30 1 0
/mnt/sda5/CS/codescallers/ahmed-salah-ucf-foreman/signals.go:20.30,21.14 1 0
/mnt/sda5/CS/codescallers/ahmed-salah-ucf-foreman/signals.go:22.24,23.28 1 0
/mnt/sda5/CS/codescallers/ahmed-salah-ucf-foreman/signals.go:30.42,31.43 1 0
/mnt/sda5/CS/codescallers/ahmed-salah-ucf-foreman/signals.go:31.43,34.28 3 0
/mnt/sda5/CS/codescallers/ahmed-salah-ucf-foreman/signals.go:34.28,37.29 3 0
/mnt/sda5/CS/codescallers/ahmed-salah-ucf-foreman/signals.go:37.29,40.5 2 0
/mnt/sda5/CS/codescallers/ahmed-salah-ucf-foreman/signals.go:47.56,49.2 1 0
/mnt/sda5/CS/codescallers/ahmed-salah-ucf-foreman/foreman.go:4.13,7.2 2 0
/mnt/sda5/CS/codescallers/ahmed-salah-ucf-foreman/foreman_helpers.go:14.21,24.2 2 0
/mnt/sda5/CS/codescallers/ahmed-salah-ucf-foreman/foreman_helpers.go:28.29,31.48 3 0
/mnt/sda5/CS/codescallers/ahmed-salah-ucf-foreman/foreman_helpers.go:35.2,37.16 2 0
/mnt/sda5/CS/codescallers/ahmed-salah-ucf-foreman/foreman_helpers.go:31.48,34.3 2 0
/mnt/sda5/CS/codescallers/ahmed-salah-ucf-foreman/foreman_helpers.go:45.39,46.79 1 0
/mnt/sda5/CS/codescallers/ahmed-salah-ucf-foreman/foreman_helpers.go:52.2,59.50 4 0
/mnt/sda5/CS/codescallers/ahmed-salah-ucf-foreman/foreman_helpers.go:46.79,50.3 3 0
/mnt/sda5/CS/codescallers/ahmed-salah-ucf-foreman/foreman_helpers.go:63.86,64.34 1 0
/mnt/sda5/CS/codescallers/ahmed-salah-ucf-foreman/foreman_helpers.go:64.34,66.3 1 0
/mnt/sda5/CS/codescallers/ahmed-salah-ucf-foreman/foreman_helpers.go:70.63,71.36 1 0
/mnt/sda5/CS/codescallers/ahmed-salah-ucf-foreman/foreman_helpers.go:71.36,73.3 1 0
/mnt/sda5/CS/codescallers/ahmed-salah-ucf-foreman/foreman_helpers.go:77.71,78.40 1 0
/mnt/sda5/CS/codescallers/ahmed-salah-ucf-foreman/foreman_helpers.go:84.2,84.13 1 0
/mnt/sda5/CS/codescallers/ahmed-salah-ucf-foreman/foreman_helpers.go:78.40,79.47 1 0
/mnt/sda5/CS/codescallers/ahmed-salah-ucf-foreman/foreman_helpers.go:79.47,82.4 2 0
/mnt/sda5/CS/codescallers/ahmed-salah-ucf-foreman/foreman_helpers.go:89.56,91.33 2 0
/mnt/sda5/CS/codescallers/ahmed-salah-ucf-foreman/foreman_helpers.go:91.33,92.47 1 0
/mnt/sda5/CS/codescallers/ahmed-salah-ucf-foreman/foreman_helpers.go:92.47,101.4 8 0
/mnt/sda5/CS/codescallers/ahmed-salah-ucf-foreman/foreman_helpers.go:106.82,107.39 1 0
/mnt/sda5/CS/codescallers/ahmed-salah-ucf-foreman/foreman_helpers.go:107.39,109.3 1 0
/mnt/sda5/CS/codescallers/ahmed-salah-ucf-foreman/foreman_helpers.go:113.65,114.21 1 0
/mnt/sda5/CS/codescallers/ahmed-salah-ucf-foreman/foreman_helpers.go:114.21,116.3 1 0
/mnt/sda5/CS/codescallers/ahmed-salah-ucf-foreman/foreman_helpers.go:120.35,121.43 1 0
/mnt/sda5/CS/codescallers/ahmed-salah-ucf-foreman/foreman_helpers.go:121.43,123.3 1 0
/mnt/sda5/CS/codescallers/ahmed-salah-ucf-foreman/foreman_helpers.go:127.59,128.38 1 0
/mnt/sda5/CS/codescallers/ahmed-salah-ucf-foreman/foreman_helpers.go:142.2,142.43 1 0
/mnt/sda5/CS/codescallers/ahmed-salah-ucf-foreman/foreman_helpers.go:157.2,157.43 1 0
/mnt/sda5/CS/codescallers/ahmed-salah-ucf-foreman/foreman_helpers.go:128.38,133.40 3 0
/mnt/sda5/CS/codescallers/ahmed-salah-ucf-foreman/foreman_helpers.go:133.40,134.62 1 0
/mnt/sda5/CS/codescallers/ahmed-salah-ucf-foreman/foreman_helpers.go:138.4,139.10 2 0
/mnt/sda5/CS/codescallers/ahmed-salah-ucf-foreman/foreman_helpers.go:134.62,137.5 2 0
/mnt/sda5/CS/codescallers/ahmed-salah-ucf-foreman/foreman_helpers.go:142.43,143.53 1 0
/mnt/sda5/CS/codescallers/ahmed-salah-ucf-foreman/foreman_helpers.go:143.53,146.18 3 0
/mnt/sda5/CS/codescallers/ahmed-salah-ucf-foreman/foreman_helpers.go:146.18,147.63 1 0
/mnt/sda5/CS/codescallers/ahmed-salah-ucf-foreman/foreman_helpers.go:151.5,152.11 2 0
/mnt/sda5/CS/codescallers/ahmed-salah-ucf-foreman/foreman_helpers.go:147.63,150.6 2 0
/mnt/sda5/CS/codescallers/ahmed-salah-ucf-foreman/foreman_helpers.go:157.43,158.53 1 0
/mnt/sda5/CS/codescallers/ahmed-salah-ucf-foreman/foreman_helpers.go:158.53,161.18 3 0
/mnt/sda5/CS/codescallers/ahmed-salah-ucf-foreman/foreman_helpers.go:161.18,162.63 1 0
/mnt/sda5/CS/codescallers/ahmed-salah-ucf-foreman/foreman_helpers.go:166.5,167.11 2 0
/mnt/sda5/CS/codescallers/ahmed-salah-ucf-foreman/foreman_helpers.go:162.63,165.6 2 0
/mnt/sda5/CS/codescallers/ahmed-salah-ucf-foreman/foreman_helpers.go:176.59,182.2 4 0
/mnt/sda5/CS/codescallers/ahmed-salah-ucf-foreman/procfile.go:11.47,13.16 2 1
/mnt/sda5/CS/codescallers/ahmed-salah-ucf-foreman/procfile.go:16.2,18.12 2 1
/mnt/sda5/CS/codescallers/ahmed-salah-ucf-foreman/procfile.go:13.16,15.3 1 1
/mnt/sda5/CS/codescallers/ahmed-salah-ucf-foreman/procfile.go:21.87,22.48 1 1
/mnt/sda5/CS/codescallers/ahmed-salah-ucf-foreman/procfile.go:22.48,24.3 1 1
/mnt/sda5/CS/codescallers/ahmed-salah-ucf-foreman/procfile.go:28.86,32.2 2 1
/mnt/sda5/CS/codescallers/ahmed-salah-ucf-foreman/procfile.go:35.102,37.38 2 1
/mnt/sda5/CS/codescallers/ahmed-salah-ucf-foreman/procfile.go:52.2,52.13 1 1
/mnt/sda5/CS/codescallers/ahmed-salah-ucf-foreman/procfile.go:37.38,38.14 1 1
/mnt/sda5/CS/codescallers/ahmed-salah-ucf-foreman/procfile.go:39.14,40.29 1 1
/mnt/sda5/CS/codescallers/ahmed-salah-ucf-foreman/procfile.go:41.19,42.31 1 1
/mnt/sda5/CS/codescallers/ahmed-salah-ucf-foreman/procfile.go:43.15,44.38 1 1
/mnt/sda5/CS/codescallers/ahmed-salah-ucf-foreman/procfile.go:47.17,48.55 1 1
/mnt/sda5/CS/codescallers/ahmed-salah-ucf-foreman/procfile.go:44.38,46.5 1 1
/mnt/sda5/CS/codescallers/ahmed-salah-ucf-foreman/procfile.go:56.65,58.59 2 1
/mnt/sda5/CS/codescallers/ahmed-salah-ucf-foreman/procfile.go:72.2,72.15 1 1
/mnt/sda5/CS/codescallers/ahmed-salah-ucf-foreman/procfile.go:58.59,59.19 1 1
/mnt/sda5/CS/codescallers/ahmed-salah-ucf-foreman/procfile.go:60.14,61.36 1 1
/mnt/sda5/CS/codescallers/ahmed-salah-ucf-foreman/procfile.go:62.20,63.44 1 1
/mnt/sda5/CS/codescallers/ahmed-salah-ucf-foreman/procfile.go:66.20,67.44 1 1
/mnt/sda5/CS/codescallers/ahmed-salah-ucf-foreman/procfile.go:63.44,65.5 1 1
/mnt/sda5/CS/codescallers/ahmed-salah-ucf-foreman/procfile.go:67.44,69.5 1 1
/mnt/sda5/CS/codescallers/ahmed-salah-ucf-foreman/procfile.go:76.75,84.2 4 1
/mnt/sda5/CS/codescallers/ahmed-salah-ucf-foreman/services_graph.go:4.46,5.43 1 0
/mnt/sda5/CS/codescallers/ahmed-salah-ucf-foreman/services_graph.go:5.43,7.3 1 0
/mnt/sda5/CS/codescallers/ahmed-salah-ucf-foreman/services_graph.go:12.81,16.34 4 0
/mnt/sda5/CS/codescallers/ahmed-salah-ucf-foreman/services_graph.go:20.2,21.36 2 0
/mnt/sda5/CS/codescallers/ahmed-salah-ucf-foreman/services_graph.go:39.2,39.34 1 0
/mnt/sda5/CS/codescallers/ahmed-salah-ucf-foreman/services_graph.go:48.2,48.25 1 0
/mnt/sda5/CS/codescallers/ahmed-salah-ucf-foreman/services_graph.go:16.34,18.3 1 0
/mnt/sda5/CS/codescallers/ahmed-salah-ucf-foreman/services_graph.go:21.36,22.38 1 0
/mnt/sda5/CS/codescallers/ahmed-salah-ucf-foreman/services_graph.go:30.3,31.43 2 0
/mnt/sda5/CS/codescallers/ahmed-salah-ucf-foreman/services_graph.go:36.3,36.33 1 0
/mnt/sda5/CS/codescallers/ahmed-salah-ucf-foreman/services_graph.go:22.38,24.4 1 0
/mnt/sda5/CS/codescallers/ahmed-salah-ucf-foreman/services_graph.go:24.9,24.55 1 0
/mnt/sda5/CS/codescallers/ahmed-salah-ucf-foreman/services_graph.go:24.55,28.4 3 0
/mnt/sda5/CS/codescallers/ahmed-salah-ucf-foreman/services_graph.go:31.43,34.4 2 0
/mnt/sda5/CS/codescallers/ahmed-salah-ucf-foreman/services_graph.go:39.34,43.15 3 0
/mnt/sda5/CS/codescallers/ahmed-salah-ucf-foreman/services_graph.go:43.15,45.4 1 0
/mnt/sda5/CS/codescallers/ahmed-salah-ucf-foreman/services_graph.go:53.53,58.42 4 0
/mnt/sda5/CS/codescallers/ahmed-salah-ucf-foreman/services_graph.go:72.2,72.40 1 0
/mnt/sda5/CS/codescallers/ahmed-salah-ucf-foreman/services_graph.go:76.2,76.13 1 0
/mnt/sda5/CS/codescallers/ahmed-salah-ucf-foreman/services_graph.go:58.42,59.45 1 0
/mnt/sda5/CS/codescallers/ahmed-salah-ucf-foreman/services_graph.go:63.3,65.58 2 0
/mnt/sda5/CS/codescallers/ahmed-salah-ucf-foreman/services_graph.go:69.3,69.35 1 0
/mnt/sda5/CS/codescallers/ahmed-salah-ucf-foreman/services_graph.go:59.45,61.4 1 0
/mnt/sda5/CS/codescallers/ahmed-salah-ucf-foreman/services_graph.go:65.58,67.4 1 0
/mnt/sda5/CS/codescallers/ahmed-salah-ucf-foreman/services_graph.go:72.40,74.3 1 0
/mnt/sda5/CS/codescallers/ahmed-salah-ucf-foreman/services_graph.go:82.61,88.20 5 0
/mnt/sda5/CS/codescallers/ahmed-salah-ucf-foreman/services_graph.go:93.2,93.22 1 0
/mnt/sda5/CS/codescallers/ahmed-salah-ucf-foreman/services_graph.go:88.20,91.3 2 0
